<?xml version="1.0" encoding="UTF-8"?>
<coverage generated="1779281583561" clover="3.2.0">
  <project timestamp="1779281583561" name="All files">
    <metrics statements="107" coveredstatements="89" conditionals="78" coveredconditionals="61" methods="14" coveredmethods="11" elements="199" coveredelements="161" complexity="0" loc="107" ncloc="107" packages="1" files="1" classes="1"/>
    <file name="rules.evaluator.ts" path="C:\Users\laity\Desktop\TÉRANGATABLE\apps\api\src\modules\rules-engine\rules.evaluator.ts">
      <metrics statements="107" coveredstatements="89" conditionals="78" coveredconditionals="61" methods="14" coveredmethods="11"/>
      <line num="1" count="1" type="stmt"/>
      <line num="2" count="1" type="stmt"/>
      <line num="31" count="1" type="stmt"/>
      <line num="32" count="74" type="stmt"/>
      <line num="34" count="74" type="stmt"/>
      <line num="43" count="12" type="stmt"/>
      <line num="48" count="12" type="stmt"/>
      <line num="52" count="12" type="stmt"/>
      <line num="53" count="12" type="stmt"/>
      <line num="61" count="12" type="stmt"/>
      <line num="63" count="12" type="stmt"/>
      <line num="64" count="12" type="cond" truecount="2" falsecount="0"/>
      <line num="67" count="12" type="stmt"/>
      <line num="71" count="12" type="cond" truecount="1" falsecount="0"/>
      <line num="72" count="11" type="stmt"/>
      <line num="73" count="11" type="stmt"/>
      <line num="85" count="23" type="stmt"/>
      <line num="93" count="20" type="cond" truecount="2" falsecount="0"/>
      <line num="94" count="17" type="stmt"/>
      <line num="97" count="5" type="stmt"/>
      <line num="99" count="20" type="stmt"/>
      <line num="108" count="77" type="stmt"/>
      <line num="109" count="77" type="stmt"/>
      <line num="111" count="77" type="stmt"/>
      <line num="112" count="77" type="cond" truecount="15" falsecount="0"/>
      <line num="115" count="11" type="stmt"/>
      <line num="118" count="2" type="stmt"/>
      <line num="120" count="6" type="stmt"/>
      <line num="122" count="9" type="stmt"/>
      <line num="124" count="3" type="stmt"/>
      <line num="126" count="3" type="stmt"/>
      <line num="128" count="4" type="stmt"/>
      <line num="133" count="3" type="stmt"/>
      <line num="138" count="5" type="cond" truecount="2" falsecount="0"/>
      <line num="140" count="3" type="cond" truecount="2" falsecount="0"/>
      <line num="142" count="5" type="cond" truecount="2" falsecount="0"/>
      <line num="144" count="14" type="cond" truecount="2" falsecount="0"/>
      <line num="146" count="5" type="stmt"/>
      <line num="147" count="5" type="stmt"/>
      <line num="148" count="5" type="cond" truecount="2" falsecount="0"/>
      <line num="152" count="2" type="stmt"/>
      <line num="153" count="2" type="stmt"/>
      <line num="155" count="2" type="stmt"/>
      <line num="158" count="2" type="cond" truecount="2" falsecount="0"/>
      <line num="161" count="2" type="stmt"/>
      <line num="162" count="2" type="stmt"/>
      <line num="165" count="0" type="stmt"/>
      <line num="166" count="0" type="stmt"/>
      <line num="177" count="11" type="stmt"/>
      <line num="179" count="11" type="stmt"/>
      <line num="180" count="11" type="cond" truecount="9" falsecount="0"/>
      <line num="182" count="2" type="stmt"/>
      <line num="185" count="2" type="stmt"/>
      <line num="188" count="1" type="stmt"/>
      <line num="191" count="1" type="stmt"/>
      <line num="194" count="2" type="cond" truecount="1" falsecount="1"/>
      <line num="195" count="2" type="stmt"/>
      <line num="196" count="2" type="cond" truecount="1" falsecount="0"/>
      <line num="197" count="1" type="stmt"/>
      <line num="198" count="1" type="stmt"/>
      <line num="200" count="1" type="stmt"/>
      <line num="201" count="1" type="stmt"/>
      <line num="202" count="1" type="stmt"/>
      <line num="203" count="1" type="cond" truecount="1" falsecount="0"/>
      <line num="204" count="1" type="stmt"/>
      <line num="205" count="1" type="stmt"/>
      <line num="207" count="1" type="stmt"/>
      <line num="211" count="1" type="cond" truecount="1" falsecount="1"/>
      <line num="212" count="1" type="stmt"/>
      <line num="213" count="1" type="stmt"/>
      <line num="218" count="1" type="cond" truecount="1" falsecount="1"/>
      <line num="220" count="1" type="cond" truecount="0" falsecount="1"/>
      <line num="221" count="1" type="stmt"/>
      <line num="222" count="1" type="stmt"/>
      <line num="223" count="1" type="stmt"/>
      <line num="226" count="1" type="stmt"/>
      <line num="230" count="1" type="stmt"/>
      <line num="231" count="1" type="cond" truecount="0" falsecount="1"/>
      <line num="232" count="1" type="stmt"/>
      <line num="233" count="1" type="stmt"/>
      <line num="237" count="1" type="stmt"/>
      <line num="238" count="1" type="cond" truecount="1" falsecount="0"/>
      <line num="239" count="0" type="cond" truecount="0" falsecount="2"/>
      <line num="240" count="0" type="cond" truecount="0" falsecount="2"/>
      <line num="241" count="0" type="stmt"/>
      <line num="242" count="0" type="stmt"/>
      <line num="245" count="0" type="stmt"/>
      <line num="246" count="0" type="cond" truecount="0" falsecount="2"/>
      <line num="247" count="0" type="stmt"/>
      <line num="248" count="0" type="cond" truecount="0" falsecount="2"/>
      <line num="249" count="0" type="stmt"/>
      <line num="250" count="0" type="cond" truecount="0" falsecount="1"/>
      <line num="251" count="0" type="stmt"/>
      <line num="253" count="0" type="stmt"/>
      <line num="258" count="1" type="cond" truecount="1" falsecount="1"/>
      <line num="259" count="1" type="stmt"/>
      <line num="260" count="1" type="stmt"/>
      <line num="264" count="1" type="stmt"/>
      <line num="268" count="1" type="cond" truecount="1" falsecount="0"/>
      <line num="269" count="0" type="stmt"/>
      <line num="278" count="82" type="stmt"/>
      <line num="279" count="88" type="cond" truecount="4" falsecount="0"/>
      <line num="280" count="86" type="stmt"/>
      <line num="282" count="2" type="stmt"/>
      <line num="287" count="0" type="stmt"/>
      <line num="288" count="0" type="stmt"/>
      <line num="289" count="0" type="cond" truecount="0" falsecount="2"/>
    </file>
  </project>
</coverage>
