{"C:\\Users\\laity\\Desktop\\TÉRANGATABLE\\apps\\api\\src\\modules\\rules-engine\\rules.evaluator.ts": {"path":"C:\\Users\\laity\\Desktop\\TÉRANGATABLE\\apps\\api\\src\\modules\\rules-engine\\rules.evaluator.ts","statementMap":{"0":{"start":{"line":1,"column":0},"end":{"line":1,"column":52}},"1":{"start":{"line":2,"column":0},"end":{"line":2,"column":60}},"2":{"start":{"line":31,"column":27},"end":{"line":292,"column":null}},"3":{"start":{"line":32,"column":28},"end":{"line":32,"column":59}},"4":{"start":{"line":34,"column":31},"end":{"line":34,"column":39}},"5":{"start":{"line":43,"column":18},"end":{"line":46,"column":6}},"6":{"start":{"line":48,"column":4},"end":{"line":50,"column":6}},"7":{"start":{"line":52,"column":4},"end":{"line":76,"column":5}},"8":{"start":{"line":53,"column":39},"end":{"line":59,"column":8}},"9":{"start":{"line":61,"column":44},"end":{"line":61,"column":81}},"10":{"start":{"line":63,"column":22},"end":{"line":65,"column":20}},"11":{"start":{"line":64,"column":18},"end":{"line":64,"column":70}},"12":{"start":{"line":67,"column":6},"end":{"line":69,"column":8}},"13":{"start":{"line":71,"column":6},"end":{"line":75,"column":7}},"14":{"start":{"line":72,"column":8},"end":{"line":74,"column":9}},"15":{"start":{"line":73,"column":10},"end":{"line":73,"column":62}},"16":{"start":{"line":85,"column":52},"end":{"line":90,"column":7}},"17":{"start":{"line":85,"column":80},"end":{"line":90,"column":6}},"18":{"start":{"line":93,"column":6},"end":{"line":97,"column":50}},"19":{"start":{"line":94,"column":40},"end":{"line":94,"column":48}},"20":{"start":{"line":97,"column":41},"end":{"line":97,"column":49}},"21":{"start":{"line":99,"column":4},"end":{"line":99,"column":41}},"22":{"start":{"line":108,"column":39},"end":{"line":108,"column":48}},"23":{"start":{"line":109,"column":21},"end":{"line":109,"column":55}},"24":{"start":{"line":111,"column":4},"end":{"line":167,"column":5}},"25":{"start":{"line":112,"column":6},"end":{"line":163,"column":7}},"26":{"start":{"line":115,"column":10},"end":{"line":115,"column":35}},"27":{"start":{"line":118,"column":10},"end":{"line":118,"column":35}},"28":{"start":{"line":120,"column":10},"end":{"line":120,"column":50}},"29":{"start":{"line":122,"column":10},"end":{"line":122,"column":51}},"30":{"start":{"line":124,"column":10},"end":{"line":124,"column":50}},"31":{"start":{"line":126,"column":10},"end":{"line":126,"column":51}},"32":{"start":{"line":128,"column":10},"end":{"line":131,"column":12}},"33":{"start":{"line":133,"column":10},"end":{"line":136,"column":12}},"34":{"start":{"line":138,"column":10},"end":{"line":138,"column":66}},"35":{"start":{"line":140,"column":10},"end":{"line":140,"column":67}},"36":{"start":{"line":142,"column":10},"end":{"line":142,"column":61}},"37":{"start":{"line":144,"column":10},"end":{"line":144,"column":61}},"38":{"start":{"line":146,"column":29},"end":{"line":146,"column":54}},"39":{"start":{"line":147,"column":20},"end":{"line":147,"column":36}},"40":{"start":{"line":148,"column":10},"end":{"line":148,"column":38}},"41":{"start":{"line":152,"column":39},"end":{"line":152,"column":64}},"42":{"start":{"line":153,"column":22},"end":{"line":153,"column":32}},"43":{"start":{"line":155,"column":12},"end":{"line":157,"column":53}},"44":{"start":{"line":158,"column":10},"end":{"line":158,"column":60}},"45":{"start":{"line":161,"column":10},"end":{"line":161,"column":63}},"46":{"start":{"line":162,"column":10},"end":{"line":162,"column":23}},"47":{"start":{"line":165,"column":6},"end":{"line":165,"column":77}},"48":{"start":{"line":166,"column":6},"end":{"line":166,"column":19}},"49":{"start":{"line":177,"column":21},"end":{"line":177,"column":27}},"50":{"start":{"line":179,"column":4},"end":{"line":272,"column":5}},"51":{"start":{"line":180,"column":6},"end":{"line":265,"column":7}},"52":{"start":{"line":182,"column":10},"end":{"line":184,"column":12}},"53":{"start":{"line":185,"column":10},"end":{"line":185,"column":16}},"54":{"start":{"line":188,"column":10},"end":{"line":190,"column":12}},"55":{"start":{"line":191,"column":10},"end":{"line":191,"column":16}},"56":{"start":{"line":194,"column":27},"end":{"line":194,"column":74}},"57":{"start":{"line":195,"column":27},"end":{"line":195,"column":73}},"58":{"start":{"line":196,"column":10},"end":{"line":199,"column":11}},"59":{"start":{"line":197,"column":12},"end":{"line":197,"column":104}},"60":{"start":{"line":198,"column":12},"end":{"line":198,"column":18}},"61":{"start":{"line":200,"column":25},"end":{"line":200,"column":51}},"62":{"start":{"line":201,"column":24},"end":{"line":201,"column":49}},"63":{"start":{"line":202,"column":22},"end":{"line":202,"column":37}},"64":{"start":{"line":203,"column":10},"end":{"line":206,"column":11}},"65":{"start":{"line":204,"column":12},"end":{"line":204,"column":96}},"66":{"start":{"line":205,"column":12},"end":{"line":205,"column":94}},"67":{"start":{"line":207,"column":10},"end":{"line":207,"column":16}},"68":{"start":{"line":211,"column":27},"end":{"line":211,"column":122}},"69":{"start":{"line":212,"column":10},"end":{"line":212,"column":87}},"70":{"start":{"line":213,"column":10},"end":{"line":213,"column":16}},"71":{"start":{"line":218,"column":13},"end":{"line":219,"column":57}},"72":{"start":{"line":220,"column":10},"end":{"line":220,"column":92}},"73":{"start":{"line":220,"column":26},"end":{"line":220,"column":83}},"74":{"start":{"line":220,"column":84},"end":{"line":220,"column":90}},"75":{"start":{"line":221,"column":31},"end":{"line":221,"column":64}},"76":{"start":{"line":222,"column":32},"end":{"line":222,"column":66}},"77":{"start":{"line":223,"column":10},"end":{"line":225,"column":12}},"78":{"start":{"line":226,"column":10},"end":{"line":226,"column":16}},"79":{"start":{"line":230,"column":26},"end":{"line":230,"column":74}},"80":{"start":{"line":231,"column":10},"end":{"line":231,"column":91}},"81":{"start":{"line":231,"column":26},"end":{"line":231,"column":82}},"82":{"start":{"line":231,"column":83},"end":{"line":231,"column":89}},"83":{"start":{"line":232,"column":10},"end":{"line":232,"column":99}},"84":{"start":{"line":233,"column":10},"end":{"line":233,"column":16}},"85":{"start":{"line":237,"column":22},"end":{"line":237,"column":45}},"86":{"start":{"line":238,"column":10},"end":{"line":238,"column":80}},"87":{"start":{"line":238,"column":22},"end":{"line":238,"column":71}},"88":{"start":{"line":238,"column":72},"end":{"line":238,"column":78}},"89":{"start":{"line":239,"column":25},"end":{"line":239,"column":79}},"90":{"start":{"line":240,"column":27},"end":{"line":240,"column":60}},"91":{"start":{"line":241,"column":23},"end":{"line":241,"column":57}},"92":{"start":{"line":242,"column":10},"end":{"line":242,"column":61}},"93":{"start":{"line":245,"column":37},"end":{"line":245,"column":58}},"94":{"start":{"line":246,"column":10},"end":{"line":252,"column":11}},"95":{"start":{"line":247,"column":12},"end":{"line":247,"column":71}},"96":{"start":{"line":248,"column":17},"end":{"line":252,"column":11}},"97":{"start":{"line":249,"column":12},"end":{"line":249,"column":52}},"98":{"start":{"line":250,"column":17},"end":{"line":252,"column":11}},"99":{"start":{"line":251,"column":12},"end":{"line":251,"column":70}},"100":{"start":{"line":253,"column":10},"end":{"line":253,"column":16}},"101":{"start":{"line":258,"column":13},"end":{"line":258,"column":82}},"102":{"start":{"line":259,"column":10},"end":{"line":259,"column":56}},"103":{"start":{"line":260,"column":10},"end":{"line":260,"column":35}},"104":{"start":{"line":264,"column":10},"end":{"line":264,"column":63}},"105":{"start":{"line":268,"column":6},"end":{"line":268,"column":45}},"106":{"start":{"line":268,"column":35},"end":{"line":268,"column":45}},"107":{"start":{"line":269,"column":6},"end":{"line":271,"column":8}},"108":{"start":{"line":278,"column":4},"end":{"line":283,"column":16}},"109":{"start":{"line":279,"column":6},"end":{"line":281,"column":7}},"110":{"start":{"line":280,"column":8},"end":{"line":280,"column":53}},"111":{"start":{"line":282,"column":6},"end":{"line":282,"column":23}},"112":{"start":{"line":287,"column":4},"end":{"line":290,"column":7}},"113":{"start":{"line":288,"column":18},"end":{"line":288,"column":50}},"114":{"start":{"line":289,"column":6},"end":{"line":289,"column":50}},"115":{"start":{"line":31,"column":13},"end":{"line":31,"column":27}},"116":{"start":{"line":31,"column":13},"end":{"line":292,"column":null}}},"fnMap":{"0":{"name":"(anonymous_11)","decl":{"start":{"line":34,"column":2},"end":{"line":34,"column":31}},"loc":{"start":{"line":34,"column":52},"end":{"line":34,"column":56}}},"1":{"name":"(anonymous_12)","decl":{"start":{"line":38,"column":2},"end":{"line":38,"column":7}},"loc":{"start":{"line":41,"column":20},"end":{"line":77,"column":3}}},"2":{"name":"(anonymous_13)","decl":{"start":{"line":64,"column":13},"end":{"line":64,"column":14}},"loc":{"start":{"line":64,"column":18},"end":{"line":64,"column":70}}},"3":{"name":"(anonymous_14)","decl":{"start":{"line":81,"column":2},"end":{"line":81,"column":14}},"loc":{"start":{"line":83,"column":36},"end":{"line":100,"column":3}}},"4":{"name":"(anonymous_15)","decl":{"start":{"line":85,"column":72},"end":{"line":85,"column":73}},"loc":{"start":{"line":85,"column":80},"end":{"line":90,"column":6}}},"5":{"name":"(anonymous_16)","decl":{"start":{"line":94,"column":33},"end":{"line":94,"column":34}},"loc":{"start":{"line":94,"column":40},"end":{"line":94,"column":48}}},"6":{"name":"(anonymous_17)","decl":{"start":{"line":97,"column":34},"end":{"line":97,"column":35}},"loc":{"start":{"line":97,"column":41},"end":{"line":97,"column":49}}},"7":{"name":"(anonymous_18)","decl":{"start":{"line":104,"column":2},"end":{"line":104,"column":19}},"loc":{"start":{"line":106,"column":36},"end":{"line":168,"column":3}}},"8":{"name":"(anonymous_19)","decl":{"start":{"line":172,"column":10},"end":{"line":172,"column":15}},"loc":{"start":{"line":175,"column":21},"end":{"line":273,"column":3}}},"9":{"name":"(anonymous_20)","decl":{"start":{"line":245,"column":37},"end":{"line":245,"column":50}},"loc":{"start":{"line":245,"column":37},"end":{"line":245,"column":58}}},"10":{"name":"(anonymous_21)","decl":{"start":{"line":277,"column":10},"end":{"line":277,"column":23}},"loc":{"start":{"line":277,"column":71},"end":{"line":284,"column":3}}},"11":{"name":"(anonymous_22)","decl":{"start":{"line":278,"column":35},"end":{"line":278,"column":36}},"loc":{"start":{"line":278,"column":65},"end":{"line":283,"column":5}}},"12":{"name":"(anonymous_23)","decl":{"start":{"line":286,"column":10},"end":{"line":286,"column":21}},"loc":{"start":{"line":286,"column":72},"end":{"line":291,"column":3}}},"13":{"name":"(anonymous_24)","decl":{"start":{"line":287,"column":49},"end":{"line":287,"column":50}},"loc":{"start":{"line":287,"column":68},"end":{"line":290,"column":5}}}},"branchMap":{"0":{"loc":{"start":{"line":64,"column":48},"end":{"line":64,"column":68}},"type":"cond-expr","locations":[{"start":{"line":64,"column":59},"end":{"line":64,"column":62}},{"start":{"line":64,"column":65},"end":{"line":64,"column":68}}]},"1":{"loc":{"start":{"line":68,"column":33},"end":{"line":68,"column":63}},"type":"cond-expr","locations":[{"start":{"line":68,"column":43},"end":{"line":68,"column":52}},{"start":{"line":68,"column":55},"end":{"line":68,"column":63}}]},"2":{"loc":{"start":{"line":71,"column":6},"end":{"line":75,"column":7}},"type":"if","locations":[{"start":{"line":71,"column":6},"end":{"line":75,"column":7}}]},"3":{"loc":{"start":{"line":93,"column":6},"end":{"line":97,"column":50}},"type":"cond-expr","locations":[{"start":{"line":94,"column":10},"end":{"line":94,"column":49}},{"start":{"line":95,"column":10},"end":{"line":97,"column":50}}]},"4":{"loc":{"start":{"line":95,"column":10},"end":{"line":97,"column":50}},"type":"cond-expr","locations":[{"start":{"line":96,"column":12},"end":{"line":96,"column":17}},{"start":{"line":97,"column":12},"end":{"line":97,"column":50}}]},"5":{"loc":{"start":{"line":112,"column":6},"end":{"line":163,"column":7}},"type":"switch","locations":[{"start":{"line":113,"column":8},"end":{"line":115,"column":35}},{"start":{"line":116,"column":8},"end":{"line":118,"column":35}},{"start":{"line":119,"column":8},"end":{"line":120,"column":50}},{"start":{"line":121,"column":8},"end":{"line":122,"column":51}},{"start":{"line":123,"column":8},"end":{"line":124,"column":50}},{"start":{"line":125,"column":8},"end":{"line":126,"column":51}},{"start":{"line":127,"column":8},"end":{"line":131,"column":12}},{"start":{"line":132,"column":8},"end":{"line":136,"column":12}},{"start":{"line":137,"column":8},"end":{"line":138,"column":66}},{"start":{"line":139,"column":8},"end":{"line":140,"column":67}},{"start":{"line":141,"column":8},"end":{"line":142,"column":61}},{"start":{"line":143,"column":8},"end":{"line":144,"column":61}},{"start":{"line":145,"column":8},"end":{"line":149,"column":9}},{"start":{"line":150,"column":8},"end":{"line":159,"column":9}},{"start":{"line":160,"column":8},"end":{"line":162,"column":23}}]},"6":{"loc":{"start":{"line":129,"column":12},"end":{"line":130,"column":72}},"type":"binary-expr","locations":[{"start":{"line":129,"column":12},"end":{"line":129,"column":40}},{"start":{"line":130,"column":12},"end":{"line":130,"column":72}}]},"7":{"loc":{"start":{"line":134,"column":12},"end":{"line":135,"column":74}},"type":"binary-expr","locations":[{"start":{"line":134,"column":12},"end":{"line":134,"column":40}},{"start":{"line":135,"column":12},"end":{"line":135,"column":74}}]},"8":{"loc":{"start":{"line":138,"column":17},"end":{"line":138,"column":65}},"type":"binary-expr","locations":[{"start":{"line":138,"column":17},"end":{"line":138,"column":37}},{"start":{"line":138,"column":41},"end":{"line":138,"column":65}}]},"9":{"loc":{"start":{"line":140,"column":17},"end":{"line":140,"column":66}},"type":"binary-expr","locations":[{"start":{"line":140,"column":17},"end":{"line":140,"column":37}},{"start":{"line":140,"column":41},"end":{"line":140,"column":66}}]},"10":{"loc":{"start":{"line":142,"column":17},"end":{"line":142,"column":60}},"type":"binary-expr","locations":[{"start":{"line":142,"column":17},"end":{"line":142,"column":34}},{"start":{"line":142,"column":38},"end":{"line":142,"column":60}}]},"11":{"loc":{"start":{"line":144,"column":17},"end":{"line":144,"column":60}},"type":"binary-expr","locations":[{"start":{"line":144,"column":17},"end":{"line":144,"column":34}},{"start":{"line":144,"column":38},"end":{"line":144,"column":60}}]},"12":{"loc":{"start":{"line":148,"column":17},"end":{"line":148,"column":37}},"type":"binary-expr","locations":[{"start":{"line":148,"column":17},"end":{"line":148,"column":25}},{"start":{"line":148,"column":29},"end":{"line":148,"column":37}}]},"13":{"loc":{"start":{"line":158,"column":17},"end":{"line":158,"column":59}},"type":"binary-expr","locations":[{"start":{"line":158,"column":17},"end":{"line":158,"column":37}},{"start":{"line":158,"column":41},"end":{"line":158,"column":59}}]},"14":{"loc":{"start":{"line":180,"column":6},"end":{"line":265,"column":7}},"type":"switch","locations":[{"start":{"line":181,"column":8},"end":{"line":185,"column":16}},{"start":{"line":187,"column":8},"end":{"line":191,"column":16}},{"start":{"line":193,"column":8},"end":{"line":208,"column":9}},{"start":{"line":210,"column":8},"end":{"line":214,"column":9}},{"start":{"line":216,"column":8},"end":{"line":227,"column":9}},{"start":{"line":229,"column":8},"end":{"line":234,"column":9}},{"start":{"line":236,"column":8},"end":{"line":254,"column":9}},{"start":{"line":256,"column":8},"end":{"line":261,"column":9}},{"start":{"line":263,"column":8},"end":{"line":264,"column":63}}]},"15":{"loc":{"start":{"line":194,"column":27},"end":{"line":194,"column":74}},"type":"binary-expr","locations":[{"start":{"line":194,"column":27},"end":{"line":194,"column":61}},{"start":{"line":194,"column":65},"end":{"line":194,"column":74}}]},"16":{"loc":{"start":{"line":196,"column":10},"end":{"line":199,"column":11}},"type":"if","locations":[{"start":{"line":196,"column":10},"end":{"line":199,"column":11}}]},"17":{"loc":{"start":{"line":203,"column":10},"end":{"line":206,"column":11}},"type":"if","locations":[{"start":{"line":203,"column":10},"end":{"line":206,"column":11}}]},"18":{"loc":{"start":{"line":211,"column":27},"end":{"line":211,"column":122}},"type":"binary-expr","locations":[{"start":{"line":211,"column":27},"end":{"line":211,"column":75}},{"start":{"line":211,"column":79},"end":{"line":211,"column":122}}]},"19":{"loc":{"start":{"line":218,"column":13},"end":{"line":219,"column":57}},"type":"binary-expr","locations":[{"start":{"line":218,"column":13},"end":{"line":218,"column":62}},{"start":{"line":219,"column":13},"end":{"line":219,"column":57}}]},"20":{"loc":{"start":{"line":220,"column":10},"end":{"line":220,"column":92}},"type":"if","locations":[{"start":{"line":220,"column":10},"end":{"line":220,"column":92}}]},"21":{"loc":{"start":{"line":231,"column":10},"end":{"line":231,"column":91}},"type":"if","locations":[{"start":{"line":231,"column":10},"end":{"line":231,"column":91}}]},"22":{"loc":{"start":{"line":238,"column":10},"end":{"line":238,"column":80}},"type":"if","locations":[{"start":{"line":238,"column":10},"end":{"line":238,"column":80}}]},"23":{"loc":{"start":{"line":239,"column":27},"end":{"line":239,"column":64}},"type":"binary-expr","locations":[{"start":{"line":239,"column":27},"end":{"line":239,"column":54}},{"start":{"line":239,"column":58},"end":{"line":239,"column":64}}]},"24":{"loc":{"start":{"line":240,"column":27},"end":{"line":240,"column":60}},"type":"binary-expr","locations":[{"start":{"line":240,"column":27},"end":{"line":240,"column":52}},{"start":{"line":240,"column":56},"end":{"line":240,"column":60}}]},"25":{"loc":{"start":{"line":246,"column":10},"end":{"line":252,"column":11}},"type":"if","locations":[{"start":{"line":246,"column":10},"end":{"line":252,"column":11}},{"start":{"line":248,"column":17},"end":{"line":252,"column":11}}]},"26":{"loc":{"start":{"line":248,"column":17},"end":{"line":252,"column":11}},"type":"if","locations":[{"start":{"line":248,"column":17},"end":{"line":252,"column":11}},{"start":{"line":250,"column":17},"end":{"line":252,"column":11}}]},"27":{"loc":{"start":{"line":250,"column":17},"end":{"line":252,"column":11}},"type":"if","locations":[{"start":{"line":250,"column":17},"end":{"line":252,"column":11}}]},"28":{"loc":{"start":{"line":258,"column":13},"end":{"line":258,"column":82}},"type":"binary-expr","locations":[{"start":{"line":258,"column":13},"end":{"line":258,"column":41}},{"start":{"line":258,"column":45},"end":{"line":258,"column":82}}]},"29":{"loc":{"start":{"line":268,"column":6},"end":{"line":268,"column":45}},"type":"if","locations":[{"start":{"line":268,"column":6},"end":{"line":268,"column":45}}]},"30":{"loc":{"start":{"line":279,"column":6},"end":{"line":281,"column":7}},"type":"if","locations":[{"start":{"line":279,"column":6},"end":{"line":281,"column":7}}]},"31":{"loc":{"start":{"line":279,"column":10},"end":{"line":279,"column":70}},"type":"binary-expr","locations":[{"start":{"line":279,"column":10},"end":{"line":279,"column":22}},{"start":{"line":279,"column":26},"end":{"line":279,"column":43}},{"start":{"line":279,"column":47},"end":{"line":279,"column":70}}]},"32":{"loc":{"start":{"line":289,"column":13},"end":{"line":289,"column":49}},"type":"cond-expr","locations":[{"start":{"line":289,"column":33},"end":{"line":289,"column":44}},{"start":{"line":289,"column":47},"end":{"line":289,"column":49}}]}},"s":{"0":1,"1":1,"2":1,"3":74,"4":74,"5":12,"6":12,"7":12,"8":12,"9":12,"10":12,"11":12,"12":12,"13":12,"14":11,"15":11,"16":20,"17":23,"18":20,"19":17,"20":5,"21":20,"22":77,"23":77,"24":77,"25":77,"26":11,"27":2,"28":6,"29":9,"30":3,"31":3,"32":4,"33":3,"34":5,"35":3,"36":5,"37":14,"38":5,"39":5,"40":5,"41":2,"42":2,"43":2,"44":2,"45":2,"46":2,"47":0,"48":0,"49":11,"50":11,"51":11,"52":2,"53":2,"54":1,"55":1,"56":2,"57":2,"58":2,"59":1,"60":1,"61":1,"62":1,"63":1,"64":1,"65":1,"66":1,"67":1,"68":1,"69":1,"70":1,"71":1,"72":1,"73":0,"74":0,"75":1,"76":1,"77":1,"78":1,"79":1,"80":1,"81":0,"82":0,"83":1,"84":1,"85":1,"86":1,"87":1,"88":1,"89":0,"90":0,"91":0,"92":0,"93":0,"94":0,"95":0,"96":0,"97":0,"98":0,"99":0,"100":0,"101":1,"102":1,"103":1,"104":1,"105":1,"106":1,"107":0,"108":82,"109":88,"110":86,"111":2,"112":0,"113":0,"114":0,"115":1,"116":1},"f":{"0":74,"1":12,"2":12,"3":20,"4":23,"5":17,"6":5,"7":77,"8":11,"9":0,"10":82,"11":88,"12":0,"13":0},"b":{"0":[11,1],"1":[11,1],"2":[11],"3":[16,4],"4":[1,3],"5":[11,2,6,9,3,3,4,3,5,3,5,14,5,2,2],"6":[4,2],"7":[3,2],"8":[5,4],"9":[3,2],"10":[5,4],"11":[14,13],"12":[5,4],"13":[2,1],"14":[2,1,2,1,1,1,1,1,1],"15":[2,0],"16":[1],"17":[1],"18":[1,0],"19":[1,0],"20":[0],"21":[0],"22":[1],"23":[0,0],"24":[0,0],"25":[0,0],"26":[0,0],"27":[0],"28":[1,0],"29":[1],"30":[86],"31":[88,88,86],"32":[0,0]}}
}
