TN:
SF:src\modules\rules-engine\rules.evaluator.ts
FN:34,(anonymous_11)
FN:38,(anonymous_12)
FN:64,(anonymous_13)
FN:81,(anonymous_14)
FN:85,(anonymous_15)
FN:94,(anonymous_16)
FN:97,(anonymous_17)
FN:104,(anonymous_18)
FN:172,(anonymous_19)
FN:245,(anonymous_20)
FN:277,(anonymous_21)
FN:278,(anonymous_22)
FN:286,(anonymous_23)
FN:287,(anonymous_24)
FNF:14
FNH:11
FNDA:74,(anonymous_11)
FNDA:12,(anonymous_12)
FNDA:12,(anonymous_13)
FNDA:20,(anonymous_14)
FNDA:23,(anonymous_15)
FNDA:17,(anonymous_16)
FNDA:5,(anonymous_17)
FNDA:77,(anonymous_18)
FNDA:11,(anonymous_19)
FNDA:0,(anonymous_20)
FNDA:82,(anonymous_21)
FNDA:88,(anonymous_22)
FNDA:0,(anonymous_23)
FNDA:0,(anonymous_24)
DA:1,1
DA:2,1
DA:31,1
DA:32,74
DA:34,74
DA:43,12
DA:48,12
DA:52,12
DA:53,12
DA:61,12
DA:63,12
DA:64,12
DA:67,12
DA:71,12
DA:72,11
DA:73,11
DA:85,23
DA:93,20
DA:94,17
DA:97,5
DA:99,20
DA:108,77
DA:109,77
DA:111,77
DA:112,77
DA:115,11
DA:118,2
DA:120,6
DA:122,9
DA:124,3
DA:126,3
DA:128,4
DA:133,3
DA:138,5
DA:140,3
DA:142,5
DA:144,14
DA:146,5
DA:147,5
DA:148,5
DA:152,2
DA:153,2
DA:155,2
DA:158,2
DA:161,2
DA:162,2
DA:165,0
DA:166,0
DA:177,11
DA:179,11
DA:180,11
DA:182,2
DA:185,2
DA:188,1
DA:191,1
DA:194,2
DA:195,2
DA:196,2
DA:197,1
DA:198,1
DA:200,1
DA:201,1
DA:202,1
DA:203,1
DA:204,1
DA:205,1
DA:207,1
DA:211,1
DA:212,1
DA:213,1
DA:218,1
DA:220,1
DA:221,1
DA:222,1
DA:223,1
DA:226,1
DA:230,1
DA:231,1
DA:232,1
DA:233,1
DA:237,1
DA:238,1
DA:239,0
DA:240,0
DA:241,0
DA:242,0
DA:245,0
DA:246,0
DA:247,0
DA:248,0
DA:249,0
DA:250,0
DA:251,0
DA:253,0
DA:258,1
DA:259,1
DA:260,1
DA:264,1
DA:268,1
DA:269,0
DA:278,82
DA:279,88
DA:280,86
DA:282,2
DA:287,0
DA:288,0
DA:289,0
LF:107
LH:89
BRDA:64,0,0,11
BRDA:64,0,1,1
BRDA:68,1,0,11
BRDA:68,1,1,1
BRDA:71,2,0,11
BRDA:93,3,0,16
BRDA:93,3,1,4
BRDA:95,4,0,1
BRDA:95,4,1,3
BRDA:112,5,0,11
BRDA:112,5,1,2
BRDA:112,5,2,6
BRDA:112,5,3,9
BRDA:112,5,4,3
BRDA:112,5,5,3
BRDA:112,5,6,4
BRDA:112,5,7,3
BRDA:112,5,8,5
BRDA:112,5,9,3
BRDA:112,5,10,5
BRDA:112,5,11,14
BRDA:112,5,12,5
BRDA:112,5,13,2
BRDA:112,5,14,2
BRDA:129,6,0,4
BRDA:129,6,1,2
BRDA:134,7,0,3
BRDA:134,7,1,2
BRDA:138,8,0,5
BRDA:138,8,1,4
BRDA:140,9,0,3
BRDA:140,9,1,2
BRDA:142,10,0,5
BRDA:142,10,1,4
BRDA:144,11,0,14
BRDA:144,11,1,13
BRDA:148,12,0,5
BRDA:148,12,1,4
BRDA:158,13,0,2
BRDA:158,13,1,1
BRDA:180,14,0,2
BRDA:180,14,1,1
BRDA:180,14,2,2
BRDA:180,14,3,1
BRDA:180,14,4,1
BRDA:180,14,5,1
BRDA:180,14,6,1
BRDA:180,14,7,1
BRDA:180,14,8,1
BRDA:194,15,0,2
BRDA:194,15,1,0
BRDA:196,16,0,1
BRDA:203,17,0,1
BRDA:211,18,0,1
BRDA:211,18,1,0
BRDA:218,19,0,1
BRDA:218,19,1,0
BRDA:220,20,0,0
BRDA:231,21,0,0
BRDA:238,22,0,1
BRDA:239,23,0,0
BRDA:239,23,1,0
BRDA:240,24,0,0
BRDA:240,24,1,0
BRDA:246,25,0,0
BRDA:246,25,1,0
BRDA:248,26,0,0
BRDA:248,26,1,0
BRDA:250,27,0,0
BRDA:258,28,0,1
BRDA:258,28,1,0
BRDA:268,29,0,1
BRDA:279,30,0,86
BRDA:279,31,0,88
BRDA:279,31,1,88
BRDA:279,31,2,86
BRDA:289,32,0,0
BRDA:289,32,1,0
BRF:78
BRH:61
end_of_record
